2025-09-08T04:51:39.344Z - Processing message: I feel sad
2025-09-08T04:51:39.353Z - Reflecting input: sad
2025-09-08T04:51:39.353Z - Reflected output: sad
2025-09-08T04:51:39.354Z - Reflecting input: sad
2025-09-08T04:51:39.354Z - Reflected output: sad
2025-09-08T04:51:39.354Z - Matched rule: /I feel (.+)/i, Response: Why do you feel sad?,What makes you feel sad?
2025-09-08T04:57:38.693Z - Processing message: Hello
2025-09-08T04:57:38.695Z - Matched rule: /hello|hi|hey/i, Response: Hello! How can I help you today?,Hi there! What's on your mind?
2025-09-08T04:57:51.001Z - Processing message: i feel sad because my job is hard
2025-09-08T04:57:51.003Z - Reflecting input: sad because my job is hard
2025-09-08T04:57:51.003Z - Reflected output: sad because your job is hard
2025-09-08T04:57:51.003Z - Reflecting input: sad because my job is hard
2025-09-08T04:57:51.004Z - Reflected output: sad because your job is hard
2025-09-08T04:57:51.004Z - Matched rule: /I feel (.+)/i, Response: Why do you feel sad because your job is hard?,What makes you feel sad because your job is hard?
2025-09-08T04:58:01.760Z - Processing message: yes
2025-09-08T04:58:01.761Z - Matched rule: /Yes|No/i, Response: Interesting. Why?,Can you elaborate?
2025-09-08T04:58:09.546Z - Processing message: because i work too much
2025-09-08T04:58:09.548Z - Reflecting input: i work too much
2025-09-08T04:58:09.548Z - Reflected output: you work too much
2025-09-08T04:58:09.548Z - Matched rule: /Because (.+)/i, Response: Is that the real reason for you work too much?,What other reasons might there be?
2025-09-08T04:58:16.203Z - Processing message: i think there are none
2025-09-08T04:58:16.204Z - Matched rule: /hello|hi|hey/i, Response: Hello! How can I help you today?,Hi there! What's on your mind?
2025-09-08T04:58:21.223Z - Processing message: bye
2025-09-08T04:58:21.224Z - Matched rule: /bye|goodbye/i, Response: Goodbye! Take care.,See you later!
